<?xml version="1.0" encoding="utf-8"?><testsuites name="pytest tests"><testsuite name="pytest" errors="0" failures="0" skipped="0" tests="26" time="10.131" timestamp="2026-04-27T17:42:37.282025+00:00" hostname="agent-env-ae9e3e9e-b050-4a83-b7da-e993aa3ab5ed"><testcase classname="backend.tests.backend_test" name="test_health" time="0.737" /><testcase classname="backend.tests.backend_test" name="test_login_all_roles" time="1.468" /><testcase classname="backend.tests.backend_test" name="test_login_invalid" time="0.336" /><testcase classname="backend.tests.backend_test" name="test_me_bearer" time="0.128" /><testcase classname="backend.tests.backend_test" name="test_me_cookie" time="0.487" /><testcase classname="backend.tests.backend_test" name="test_me_unauthenticated" time="0.103" /><testcase classname="backend.tests.backend_test" name="test_register_new_user" time="0.352" /><testcase classname="backend.tests.backend_test" name="test_register_hospital_needs_verification" time="0.335" /><testcase classname="backend.tests.backend_test" name="test_register_duplicate" time="0.119" /><testcase classname="backend.tests.backend_test" name="test_register_invalid_role" time="0.114" /><testcase classname="backend.tests.backend_test" name="test_profile_get_put" time="0.239" /><testcase classname="backend.tests.backend_test" name="test_profile_forbidden_for_hospital" time="0.155" /><testcase classname="backend.tests.backend_test" name="test_contacts_crud" time="0.351" /><testcase classname="backend.tests.backend_test" name="test_create_alert" time="0.125" /><testcase classname="backend.tests.backend_test" name="test_list_alerts_user_scoped" time="0.124" /><testcase classname="backend.tests.backend_test" name="test_list_alerts_hospital_sees_all" time="0.135" /><testcase classname="backend.tests.backend_test" name="test_alert_status_transitions" time="0.559" /><testcase classname="backend.tests.backend_test" name="test_user_cannot_change_status" time="0.131" /><testcase classname="backend.tests.backend_test" name="test_ai_summary" time="2.580" /><testcase classname="backend.tests.backend_test" name="test_user_cannot_access_admin" time="0.112" /><testcase classname="backend.tests.backend_test" name="test_hospital_cannot_access_admin" time="0.107" /><testcase classname="backend.tests.backend_test" name="test_unauthenticated_admin" time="0.116" /><testcase classname="backend.tests.backend_test" name="test_admin_stats" time="0.126" /><testcase classname="backend.tests.backend_test" name="test_admin_list_users_filter" time="0.129" /><testcase classname="backend.tests.backend_test" name="test_admin_user_update_and_delete" time="0.658" /><testcase classname="backend.tests.backend_test" name="test_directory_hospitals" time="0.127" /></testsuite></testsuites>